1615006873.498371 client started (897100): version 3.0a, socket /tmp/tmux-1000/default, protocol 8
1615006873.498384 on Linux 5.4.0-65-generic #73-Ubuntu SMP Mon Jan 18 17:25:17 UTC 2021; libevent 2.1.11-stable (poll)
1615006873.498396 socket is /tmp/tmux-1000/default
1615006873.498404 trying connect
1615006873.498462 add peer 0x559884814110: 6 ((nil))
1615006873.498540 sending message 100 to peer 0x559884814110 (4 bytes)
1615006873.498546 sending message 101 to peer 0x559884814110 (14 bytes)
1615006873.498548 sending message 102 to peer 0x559884814110 (11 bytes)
1615006873.498550 sending message 108 to peer 0x559884814110 (27 bytes)
1615006873.498552 sending message 104 to peer 0x559884814110 (0 bytes)
1615006873.498554 sending message 107 to peer 0x559884814110 (4 bytes)
1615006873.498556 sending message 105 to peer 0x559884814110 (54 bytes)
1615006873.498558 sending message 105 to peer 0x559884814110 (12 bytes)
1615006873.498560 sending message 105 to peer 0x559884814110 (19 bytes)
1615006873.498562 sending message 105 to peer 0x559884814110 (26 bytes)
1615006873.498563 sending message 105 to peer 0x559884814110 (17 bytes)
1615006873.498565 sending message 105 to peer 0x559884814110 (23 bytes)
1615006873.498567 sending message 105 to peer 0x559884814110 (30 bytes)
1615006873.498568 sending message 105 to peer 0x559884814110 (27 bytes)
1615006873.498570 sending message 105 to peer 0x559884814110 (24 bytes)
1615006873.498572 sending message 105 to peer 0x559884814110 (20 bytes)
1615006873.498573 sending message 105 to peer 0x559884814110 (23 bytes)
1615006873.498575 sending message 105 to peer 0x559884814110 (21 bytes)
1615006873.498577 sending message 105 to peer 0x559884814110 (25 bytes)
1615006873.498578 sending message 105 to peer 0x559884814110 (20 bytes)
1615006873.498580 sending message 105 to peer 0x559884814110 (16 bytes)
1615006873.498582 sending message 105 to peer 0x559884814110 (15 bytes)
1615006873.498583 sending message 105 to peer 0x559884814110 (62 bytes)
1615006873.498585 sending message 105 to peer 0x559884814110 (10 bytes)
1615006873.498589 sending message 105 to peer 0x559884814110 (12 bytes)
1615006873.498591 sending message 105 to peer 0x559884814110 (17 bytes)
1615006873.498593 sending message 105 to peer 0x559884814110 (503 bytes)
1615006873.498595 sending message 105 to peer 0x559884814110 (16 bytes)
1615006873.498597 sending message 105 to peer 0x559884814110 (31 bytes)
1615006873.498598 sending message 105 to peer 0x559884814110 (54 bytes)
1615006873.498600 sending message 105 to peer 0x559884814110 (16 bytes)
1615006873.498602 sending message 105 to peer 0x559884814110 (69 bytes)
1615006873.498603 sending message 105 to peer 0x559884814110 (15 bytes)
1615006873.498605 sending message 105 to peer 0x559884814110 (8 bytes)
1615006873.498607 sending message 105 to peer 0x559884814110 (32 bytes)
1615006873.498608 sending message 105 to peer 0x559884814110 (50 bytes)
1615006873.498610 sending message 105 to peer 0x559884814110 (19 bytes)
1615006873.498613 sending message 105 to peer 0x559884814110 (19 bytes)
1615006873.498615 sending message 105 to peer 0x559884814110 (37 bytes)
1615006873.498617 sending message 105 to peer 0x559884814110 (13 bytes)
1615006873.498618 sending message 105 to peer 0x559884814110 (13 bytes)
1615006873.498620 sending message 105 to peer 0x559884814110 (31 bytes)
1615006873.498622 sending message 105 to peer 0x559884814110 (23 bytes)
1615006873.498623 sending message 105 to peer 0x559884814110 (20 bytes)
1615006873.498625 sending message 105 to peer 0x559884814110 (21 bytes)
1615006873.498626 sending message 105 to peer 0x559884814110 (34 bytes)
1615006873.498628 sending message 105 to peer 0x559884814110 (41 bytes)
1615006873.498630 sending message 105 to peer 0x559884814110 (16 bytes)
1615006873.498631 sending message 105 to peer 0x559884814110 (20 bytes)
1615006873.498633 sending message 106 to peer 0x559884814110 (0 bytes)
1615006873.498635 sending message 200 to peer 0x559884814110 (4 bytes)
1615006873.498637 client loop enter
1615006873.499129 peer 0x559884814110 message 211
1615006873.499139 client_write: sessions should be nested with care, unset $TMUX to force\n
1615006873.499163 peer 0x559884814110 message 203
1615006873.499167 client loop exit
